<?xml version="1.0" encoding="UTF-8"?>
<testng-results skipped="0" failed="0" ignored="0" total="1" passed="1">
  <reporter-output>
  </reporter-output>
  <suite name="Default suite" duration-ms="295872" started-at="2017-09-26T20:04:41Z" finished-at="2017-09-26T20:09:37Z">
    <groups>
    </groups>
    <test name="Default test" duration-ms="295872" started-at="2017-09-26T20:04:41Z" finished-at="2017-09-26T20:09:37Z">
      <class name="Flightbooking.flightbooking">
        <test-method status="PASS" signature="beforebookticket()[pri:0, instance:Flightbooking.flightbooking@1399530]" name="beforebookticket" is-config="true" duration-ms="44234" started-at="2017-09-27T01:34:41Z" finished-at="2017-09-27T01:35:25Z">
          <reporter-output>
          </reporter-output>
        </test-method> <!-- beforebookticket -->
        <test-method status="PASS" signature="booktickets()[pri:0, instance:Flightbooking.flightbooking@1399530]" name="booktickets" duration-ms="251514" started-at="2017-09-27T01:35:25Z" finished-at="2017-09-27T01:39:37Z">
          <reporter-output>
          </reporter-output>
        </test-method> <!-- booktickets -->
      </class> <!-- Flightbooking.flightbooking -->
    </test> <!-- Default test -->
  </suite> <!-- Default suite -->
</testng-results>
